HandAR/build/outputs/logs/manifest-merger-debug-report.txt
-- Merging decision tree log ---
manifest
ADDED from src/main/AndroidManifest.xml:1:1-25:12
INJECTED from src/main/AndroidManifest.xml:1:1-25:12
INJECTED from src/main/AndroidManifest.xml:1:1-25:12
INJECTED from src/main/AndroidManifest.xml:1:1-25:12
MERGED from [HUAWEI AR Engine SDK_v1.3.0.aar] AndroidManifest.xml:2:1-27:12
MERGED from [com.android.support:design:27.0.0] AndroidManifest.xml:17:1-22:12
MERGED from [com.android.support:appcompat-v7:27.0.0] AndroidManifest.xml:17:1-22:12
MERGED from [com.android.support.constraint:constraint-layout:1.0.2] AndroidManifest.xml:2:1-11:12
MERGED from [com.google.ar:core:1.2.0] AndroidManifest.xml:17:1-46:12
MERGED from [com.android.support:support-v4:27.0.0] AndroidManifest.xml:17:1-22:12
MERGED from [com.android.support:support-fragment:27.0.0] AndroidManifest.xml:17:1-22:12
MERGED from [com.android.support:support-core-utils:27.0.0] AndroidManifest.xml:17:1-22:12
MERGED from [com.android.support:animated-vector-drawable:27.0.0] AndroidManifest.xml:17:1-22:12
MERGED from [com.android.support:support-vector-drawable:27.0.0] AndroidManifest.xml:17:1-22:12
MERGED from [com.android.support:recyclerview-v7:27.0.0] AndroidManifest.xml:17:1-22:12
MERGED from [com.android.support:transition:27.0.0] AndroidManifest.xml:17:1-22:12
MERGED from [com.android.support:support-core-ui:27.0.0] AndroidManifest.xml:17:1-22:12
MERGED from [com.android.support:support-media-compat:27.0.0] AndroidManifest.xml:17:1-22:12
MERGED from [com.android.support:support-compat:27.0.0] AndroidManifest.xml:17:1-22:12
MERGED from [android.arch.lifecycle:runtime:1.0.0] AndroidManifest.xml:17:1-30:12
INJECTED from src/main/AndroidManifest.xml:1:1-25:12
INJECTED from src/main/AndroidManifest.xml:1:1-25:12
INJECTED from src/main/AndroidManifest.xml:1:1-25:12
	package
		ADDED from src/main/AndroidManifest.xml:2:5-41
		INJECTED from src/main/AndroidManifest.xml
		INJECTED from src/main/AndroidManifest.xml
	android:versionName
		INJECTED from src/main/AndroidManifest.xml
		ADDED from src/main/AndroidManifest.xml:1:1-25:12
		INJECTED from src/main/AndroidManifest.xml
	android:versionCode
		INJECTED from src/main/AndroidManifest.xml
		ADDED from src/main/AndroidManifest.xml:1:1-25:12
		INJECTED from src/main/AndroidManifest.xml
	xmlns:android
		ADDED from src/main/AndroidManifest.xml:1:11-69
uses-permission#android.permission.CAMERA
ADDED from src/main/AndroidManifest.xml:3:5-65
MERGED from [HUAWEI AR Engine SDK_v1.3.0.aar] AndroidManifest.xml:11:5-65
MERGED from [HUAWEI AR Engine SDK_v1.3.0.aar] AndroidManifest.xml:11:5-65
	android:name
		ADDED from src/main/AndroidManifest.xml:3:22-62
uses-permission#android.permission.INTERNET
ADDED from src/main/AndroidManifest.xml:4:5-67
MERGED from [HUAWEI AR Engine SDK_v1.3.0.aar] AndroidManifest.xml:12:5-67
MERGED from [HUAWEI AR Engine SDK_v1.3.0.aar] AndroidManifest.xml:12:5-67
	android:name
		ADDED from src/main/AndroidManifest.xml:4:22-64
uses-permission#android.permission.WRITE_EXTERNAL_STORAGE
ADDED from src/main/AndroidManifest.xml:5:5-80
	android:name
		ADDED from src/main/AndroidManifest.xml:5:22-78
application
ADDED from src/main/AndroidManifest.xml:6:5-24:19
MERGED from [HUAWEI AR Engine SDK_v1.3.0.aar] AndroidManifest.xml:14:5-25:19
MERGED from [HUAWEI AR Engine SDK_v1.3.0.aar] AndroidManifest.xml:14:5-25:19
MERGED from [com.android.support.constraint:constraint-layout:1.0.2] AndroidManifest.xml:9:5-20
MERGED from [com.android.support.constraint:constraint-layout:1.0.2] AndroidManifest.xml:9:5-20
MERGED from [com.google.ar:core:1.2.0] AndroidManifest.xml:30:5-44:19
MERGED from [com.google.ar:core:1.2.0] AndroidManifest.xml:30:5-44:19
MERGED from [android.arch.lifecycle:runtime:1.0.0] AndroidManifest.xml:24:5-28:19
MERGED from [android.arch.lifecycle:runtime:1.0.0] AndroidManifest.xml:24:5-28:19
	android:supportsRtl
		ADDED from src/main/AndroidManifest.xml:12:9-35
	android:label
		ADDED from src/main/AndroidManifest.xml:10:9-41
	android:resizeableActivity
		ADDED from src/main/AndroidManifest.xml:7:9-43
	android:roundIcon
		ADDED from src/main/AndroidManifest.xml:11:9-54
	android:icon
		ADDED from src/main/AndroidManifest.xml:9:9-43
	android:allowBackup
		ADDED from src/main/AndroidManifest.xml:8:9-36
	android:theme
		ADDED from src/main/AndroidManifest.xml:13:9-40
activity#com.huawei.hiardemo.handar.MainActivity
ADDED from src/main/AndroidManifest.xml:14:9-22:20
	android:label
		ADDED from src/main/AndroidManifest.xml:15:13-45
	android:configChanges
		ADDED from src/main/AndroidManifest.xml:17:13-59
	android:theme
		ADDED from src/main/AndroidManifest.xml:16:13-63
	android:name
		ADDED from src/main/AndroidManifest.xml:14:19-47
intent-filter#android.intent.action.MAIN+android.intent.category.LAUNCHER
ADDED from src/main/AndroidManifest.xml:18:13-21:29
action#android.intent.action.MAIN
ADDED from src/main/AndroidManifest.xml:19:17-68
	android:name
		ADDED from src/main/AndroidManifest.xml:19:25-66
category#android.intent.category.LAUNCHER
ADDED from src/main/AndroidManifest.xml:20:17-76
	android:name
		ADDED from src/main/AndroidManifest.xml:20:27-74
meta-data#com.huawei.ar.engine
ADDED from src/main/AndroidManifest.xml:23:9-82
	android:value
		ADDED from src/main/AndroidManifest.xml:23:56-80
	android:name
		ADDED from src/main/AndroidManifest.xml:23:20-55
uses-sdk
INJECTED from src/main/AndroidManifest.xml reason: use-sdk injection requested
INJECTED from src/main/AndroidManifest.xml
INJECTED from src/main/AndroidManifest.xml
MERGED from [HUAWEI AR Engine SDK_v1.3.0.aar] AndroidManifest.xml:7:5-9:41
MERGED from [HUAWEI AR Engine SDK_v1.3.0.aar] AndroidManifest.xml:7:5-9:41
MERGED from [com.android.support:design:27.0.0] AndroidManifest.xml:20:5-44
MERGED from [com.android.support:design:27.0.0] AndroidManifest.xml:20:5-44
MERGED from [com.android.support:appcompat-v7:27.0.0] AndroidManifest.xml:20:5-44
MERGED from [com.android.support:appcompat-v7:27.0.0] AndroidManifest.xml:20:5-44
MERGED from [com.android.support.constraint:constraint-layout:1.0.2] AndroidManifest.xml:5:5-7:41
MERGED from [com.android.support.constraint:constraint-layout:1.0.2] AndroidManifest.xml:5:5-7:41
MERGED from [com.google.ar:core:1.2.0] AndroidManifest.xml:26:5-28:41
MERGED from [com.google.ar:core:1.2.0] AndroidManifest.xml:26:5-28:41
MERGED from [com.android.support:support-v4:27.0.0] AndroidManifest.xml:20:5-44
MERGED from [com.android.support:support-v4:27.0.0] AndroidManifest.xml:20:5-44
MERGED from [com.android.support:support-fragment:27.0.0] AndroidManifest.xml:20:5-44
MERGED from [com.android.support:support-fragment:27.0.0] AndroidManifest.xml:20:5-44
MERGED from [com.android.support:support-core-utils:27.0.0] AndroidManifest.xml:20:5-44
MERGED from [com.android.support:support-core-utils:27.0.0] AndroidManifest.xml:20:5-44
MERGED from [com.android.support:animated-vector-drawable:27.0.0] AndroidManifest.xml:20:5-44
MERGED from [com.android.support:animated-vector-drawable:27.0.0] AndroidManifest.xml:20:5-44
MERGED from [com.android.support:support-vector-drawable:27.0.0] AndroidManifest.xml:20:5-44
MERGED from [com.android.support:support-vector-drawable:27.0.0] AndroidManifest.xml:20:5-44
MERGED from [com.android.support:recyclerview-v7:27.0.0] AndroidManifest.xml:20:5-44
MERGED from [com.android.support:recyclerview-v7:27.0.0] AndroidManifest.xml:20:5-44
MERGED from [com.android.support:transition:27.0.0] AndroidManifest.xml:20:5-44
MERGED from [com.android.support:transition:27.0.0] AndroidManifest.xml:20:5-44
MERGED from [com.android.support:support-core-ui:27.0.0] AndroidManifest.xml:20:5-44
MERGED from [com.android.support:support-core-ui:27.0.0] AndroidManifest.xml:20:5-44
MERGED from [com.android.support:support-media-compat:27.0.0] AndroidManifest.xml:20:5-44
MERGED from [com.android.support:support-media-compat:27.0.0] AndroidManifest.xml:20:5-44
MERGED from [com.android.support:support-compat:27.0.0] AndroidManifest.xml:20:5-44
MERGED from [com.android.support:support-compat:27.0.0] AndroidManifest.xml:20:5-44
MERGED from [android.arch.lifecycle:runtime:1.0.0] AndroidManifest.xml:20:5-22:41
MERGED from [android.arch.lifecycle:runtime:1.0.0] AndroidManifest.xml:20:5-22:41
INJECTED from src/main/AndroidManifest.xml
INJECTED from src/main/AndroidManifest.xml
	android:targetSdkVersion
		INJECTED from src/main/AndroidManifest.xml
		ADDED from src/main/AndroidManifest.xml
		INJECTED from src/main/AndroidManifest.xml
	android:minSdkVersion
		INJECTED from src/main/AndroidManifest.xml
		ADDED from src/main/AndroidManifest.xml
		INJECTED from src/main/AndroidManifest.xml
meta-data#hwc-theme
ADDED from [HUAWEI AR Engine SDK_v1.3.0.aar] AndroidManifest.xml:15:9-17:61
	android:value
		ADDED from [HUAWEI AR Engine SDK_v1.3.0.aar] AndroidManifest.xml:17:13-58
	android:name
		ADDED from [HUAWEI AR Engine SDK_v1.3.0.aar] AndroidManifest.xml:16:13-37
activity#com.huawei.hiar.LoaderActivity
ADDED from [HUAWEI AR Engine SDK_v1.3.0.aar] AndroidManifest.xml:19:9-24:46
	android:excludeFromRecents
		ADDED from [HUAWEI AR Engine SDK_v1.3.0.aar] AndroidManifest.xml:22:13-46
	android:launchMode
		ADDED from [HUAWEI AR Engine SDK_v1.3.0.aar] AndroidManifest.xml:24:13-43
	android:exported
		ADDED from [HUAWEI AR Engine SDK_v1.3.0.aar] AndroidManifest.xml:23:13-37
	android:configChanges
		ADDED from [HUAWEI AR Engine SDK_v1.3.0.aar] AndroidManifest.xml:21:13-74
	android:name
		ADDED from [HUAWEI AR Engine SDK_v1.3.0.aar] AndroidManifest.xml:20:13-58
activity#com.google.ar.core.InstallActivity
ADDED from [com.google.ar:core:1.2.0] AndroidManifest.xml:33:9-39:80
	android:excludeFromRecents
		ADDED from [com.google.ar:core:1.2.0] AndroidManifest.xml:36:13-46
	android:launchMode
		ADDED from [com.google.ar:core:1.2.0] AndroidManifest.xml:38:13-43
	android:exported
		ADDED from [com.google.ar:core:1.2.0] AndroidManifest.xml:37:13-37
	android:configChanges
		ADDED from [com.google.ar:core:1.2.0] AndroidManifest.xml:35:13-74
	android:theme
		ADDED from [com.google.ar:core:1.2.0] AndroidManifest.xml:39:13-77
	android:name
		ADDED from [com.google.ar:core:1.2.0] AndroidManifest.xml:34:13-62
meta-data#com.google.ar.core.min_apk_version
ADDED from [com.google.ar:core:1.2.0] AndroidManifest.xml:41:9-43:41
	android:value
		ADDED from [com.google.ar:core:1.2.0] AndroidManifest.xml:43:13-38
	android:name
		ADDED from [com.google.ar:core:1.2.0] AndroidManifest.xml:42:13-62
meta-data#android.arch.lifecycle.VERSION
ADDED from [android.arch.lifecycle:runtime:1.0.0] AndroidManifest.xml:25:9-27:47
	android:value
		ADDED from [android.arch.lifecycle:runtime:1.0.0] AndroidManifest.xml:27:13-44
	android:name
		ADDED from [android.arch.lifecycle:runtime:1.0.0] AndroidManifest.xml:26:13-58